<?xml version="1.0" encoding="UTF-8"?>
<!-- Generated by org.testng.reporters.JUnitReportReporter -->
<testsuite skipped="0" hostname="LAPTOP-ETN96FDI" name="com.danjerous.testng.BasicsTNGG" tests="1" failures="0" timestamp="2019-09-05T18:11:14 COT" time="0.000" errors="0">
  <testcase name="testFromAnotherClass" time="0.000" classname="com.danjerous.testng.BasicsTNGG"/>
</testsuite> <!-- com.danjerous.testng.BasicsTNGG -->
