<?xml version="1.0" encoding="UTF-8"?>
<!-- Generated by org.testng.reporters.JUnitReportReporter -->
<testsuite skipped="1" hostname="LAPTOP-ETN96FDI" name="com.danjerous.testng.BasicsTNG" tests="2" failures="0" timestamp="2019-09-05T18:11:14 COT" time="0.006" errors="0">
  <testcase name="runningWithoutJavaCompiler" time="0.006" classname="com.danjerous.testng.BasicsTNG"/>
  <testcase name="anotherTherTest" classname="com.danjerous.testng.BasicsTNG">
    <skipped/>
  </testcase> <!-- anotherTherTest -->
</testsuite> <!-- com.danjerous.testng.BasicsTNG -->
