<?xml version="1.0" encoding="UTF-8"?>
<!-- Generated by org.testng.reporters.JUnitReportReporter -->
<testsuite skipped="0" hostname="LAPTOP-ETN96FDI" name="com.danjerous.testng.BasicTNGLogin" tests="1" failures="0" timestamp="2019-09-05T18:11:14 COT" time="0.006" errors="0">
  <testcase name="webLoginCarLoan" time="0.006" classname="com.danjerous.testng.BasicTNGLogin"/>
</testsuite> <!-- com.danjerous.testng.BasicTNGLogin -->
