<?xml version="1.0" encoding="UTF-8"?>
<!-- Generated by org.testng.reporters.JUnitReportReporter -->
<testsuite name="com.danjerous.framework.ValidateTitle" tests="1" time="46.420" ignored="2" failures="0" timestamp="11 sep 2019 22:49:56 GMT" skipped="0" hostname="LAPTOP-ETN96FDI" errors="0">
  <testcase name="basePageNavigation" time="46.420" classname="com.danjerous.framework.ValidateTitle"/>
  <testcase name="tearDown" classname="com.danjerous.framework.Base">
    <skipped/>
  </testcase> <!-- tearDown -->
  <testcase name="tearDown" classname="com.danjerous.framework.Base">
    <skipped/>
  </testcase> <!-- tearDown -->
</testsuite> <!-- com.danjerous.framework.ValidateTitle -->
