<?xml version="1.0" encoding="UTF-8"?>
<!-- Generated by org.testng.reporters.JUnitReportReporter -->
<testsuite name="com.danjerous.framework.ValidateNavigation" tests="1" time="42.282" ignored="2" failures="0" timestamp="11 sep 2019 22:49:56 GMT" skipped="0" hostname="LAPTOP-ETN96FDI" errors="0">
  <testcase name="navigationVisibilityTest" time="42.282" classname="com.danjerous.framework.ValidateNavigation"/>
  <testcase name="tearDown" classname="com.danjerous.framework.Base">
    <skipped/>
  </testcase> <!-- tearDown -->
  <testcase name="tearDown" classname="com.danjerous.framework.Base">
    <skipped/>
  </testcase> <!-- tearDown -->
</testsuite> <!-- com.danjerous.framework.ValidateNavigation -->
