<?xml version="1.0" encoding="UTF-8"?>
<!-- Generated by org.testng.reporters.JUnitReportReporter -->
<testsuite skipped="0" hostname="LAPTOP-ETN96FDI" name="com.danjerous.framework.ValidateNavigation" tests="1" failures="0" timestamp="2019-09-12T15:35:50 COT" time="0.050" errors="0">
  <testcase name="navigationVisibilityTest" time="0.050" classname="com.danjerous.framework.ValidateNavigation"/>
</testsuite> <!-- com.danjerous.framework.ValidateNavigation -->
