<?xml version="1.0" encoding="UTF-8"?>
<!-- Generated by org.testng.reporters.JUnitReportReporter -->
<testsuite name="com.danjerous.framework.ValidateTitle" tests="1" time="0.080" ignored="0" failures="0" timestamp="12 sep 2019 17:10:05 GMT" skipped="0" hostname="LAPTOP-ETN96FDI" errors="0">
  <testcase name="basePageNavigation" time="0.080" classname="com.danjerous.framework.ValidateTitle"/>
</testsuite> <!-- com.danjerous.framework.ValidateTitle -->
