<?xml version="1.0" encoding="UTF-8"?>
<!-- Generated by org.testng.reporters.JUnitReportReporter -->
<testsuite skipped="0" hostname="LAPTOP-ETN96FDI" name="com.danjerous.framework.cucumber.TestRunner" tests="3" failures="0" timestamp="2019-09-13T17:18:47 COT" time="86.089" errors="0">
  <testcase name="runScenario" time="29.132" classname="com.danjerous.framework.cucumber.TestRunner"/>
  <testcase name="runScenario" time="22.782" classname="com.danjerous.framework.cucumber.TestRunner"/>
  <testcase name="runScenario" time="34.175" classname="com.danjerous.framework.cucumber.TestRunner"/>
</testsuite> <!-- com.danjerous.framework.cucumber.TestRunner -->
