<?xml version="1.0" encoding="UTF-8"?>
<!-- Generated by org.testng.reporters.JUnitReportReporter -->
<testsuite name="com.danjerous.framework.HomePage" tests="4" time="208.866" ignored="2" failures="0" timestamp="11 sep 2019 22:49:56 GMT" skipped="0" hostname="LAPTOP-ETN96FDI" errors="0">
  <testcase name="basePageNavigation" time="70.077" classname="com.danjerous.framework.HomePage"/>
  <testcase name="basePageNavigation" time="36.301" classname="com.danjerous.framework.HomePage"/>
  <testcase name="basePageNavigation" time="59.103" classname="com.danjerous.framework.HomePage"/>
  <testcase name="basePageNavigation" time="43.385" classname="com.danjerous.framework.HomePage"/>
  <testcase name="tearDown" classname="com.danjerous.framework.Base">
    <skipped/>
  </testcase> <!-- tearDown -->
  <testcase name="tearDown" classname="com.danjerous.framework.Base">
    <skipped/>
  </testcase> <!-- tearDown -->
</testsuite> <!-- com.danjerous.framework.HomePage -->
