<?xml version="1.0" encoding="UTF-8"?>
<!-- Generated by org.testng.reporters.JUnitReportReporter -->
<testsuite name="com.danjerous.framework.ValidateNavigation" tests="1" time="22.648" ignored="0" failures="0" timestamp="11 sep 2019 23:03:31 GMT" skipped="0" hostname="LAPTOP-ETN96FDI" errors="0">
  <testcase name="navigationVisibilityTest" time="22.648" classname="com.danjerous.framework.ValidateNavigation"/>
</testsuite> <!-- com.danjerous.framework.ValidateNavigation -->
