<?xml version="1.0" encoding="UTF-8"?>
<!-- Generated by org.testng.reporters.JUnitReportReporter -->
<testsuite skipped="0" hostname="LAPTOP-ETN96FDI" name="com.danjerous.framework.ValidateTitle" tests="1" failures="0" timestamp="2019-09-12T12:45:20 COT" time="0.695" errors="0">
  <testcase name="basePageNavigation" time="0.695" classname="com.danjerous.framework.ValidateTitle"/>
</testsuite> <!-- com.danjerous.framework.ValidateTitle -->
